build/app/intermediates/manifest_merge_blame_file/debug/manifest-merger-blame-debug-report.txt
1<?xml version="1.0" encoding="utf-8"?>
2<manifest xmlns:android="http://schemas.android.com/apk/res/android"
3    package="com.example.login_signup"
4    android:versionCode="1"
5    android:versionName="1.0.0" >
6
7    <uses-sdk
8        android:minSdkVersion="16"
9        android:targetSdkVersion="28" />
10    <!--
11         Flutter needs it to communicate with the running application
12         to allow setting breakpoints, to provide hot reload, etc.
13    -->
14    <uses-permission android:name="android.permission.INTERNET" />
14-->src\debug\AndroidManifest.xml:6:5-66
14-->src\debug\AndroidManifest.xml:6:22-64
15    <!-- Include required permissions for Google Maps API to run. -->
16    <uses-permission android:name="android.permission.ACCESS_NETWORK_STATE" />
16-->[com.google.android.gms:play-services-maps:17.0.0] AndroidManifest.xml:23:5-79
16-->[com.google.android.gms:play-services-maps:17.0.0] AndroidManifest.xml:23:22-76
17
18    <uses-feature
18-->[com.google.android.gms:play-services-maps:17.0.0] AndroidManifest.xml:26:5-28:35
19        android:glEsVersion="0x00020000"
19-->[com.google.android.gms:play-services-maps:17.0.0] AndroidManifest.xml:27:9-41
20        android:required="true" />
20-->[com.google.android.gms:play-services-maps:17.0.0] AndroidManifest.xml:28:9-32
21    <!--
22 io.flutter.app.FlutterApplication is an android.app.Application that
23         calls FlutterMain.startInitialization(this); in its onCreate method.
24         In most cases you can leave this as-is, but you if you want to provide
25         additional functionality it is fine to subclass or reimplement
26         FlutterApplication and put your custom class here.
27    -->
28    <application
28-->src\main\AndroidManifest.xml:9:5-34:19
29        android:name="io.flutter.app.FlutterApplication"
29-->src\main\AndroidManifest.xml:10:9-57
30        android:appComponentFactory="androidx.core.app.CoreComponentFactory"
30-->[androidx.core:core:1.1.0] AndroidManifest.xml:24:18-86
31        android:debuggable="true"
32        android:icon="@mipmap/masrlogo"
32-->src\main\AndroidManifest.xml:12:9-40
33        android:label="TransiTmisr" >
33-->src\main\AndroidManifest.xml:11:9-36
34        <meta-data
34-->src\main\AndroidManifest.xml:13:9-14:70
35            android:name="com.google.android.geo.API_KEY"
35-->src\main\AndroidManifest.xml:13:20-65
36            android:value="AIzaSyBt2jT-QAcMQ1aYStC0r3w9tCrCkh2N-78" />
36-->src\main\AndroidManifest.xml:14:13-68
37
38        <activity
38-->src\main\AndroidManifest.xml:15:9-33:20
39            android:name="com.example.login_signup.MainActivity"
39-->src\main\AndroidManifest.xml:16:13-41
40            android:configChanges="orientation|keyboardHidden|keyboard|screenSize|locale|layoutDirection|fontScale|screenLayout|density|uiMode"
40-->src\main\AndroidManifest.xml:19:13-144
41            android:hardwareAccelerated="true"
41-->src\main\AndroidManifest.xml:20:13-47
42            android:launchMode="singleTop"
42-->src\main\AndroidManifest.xml:17:13-43
43            android:theme="@style/LaunchTheme"
43-->src\main\AndroidManifest.xml:18:13-47
44            android:windowSoftInputMode="adjustResize" >
44-->src\main\AndroidManifest.xml:21:13-55
45
46            <!--
47                 This keeps the window background of the activity showing
48                 until Flutter renders its first frame. It can be removed if
49                 there is no splash screen (such as the default splash screen
50                 defined in @style/LaunchTheme).
51            -->
52            <meta-data
52-->src\main\AndroidManifest.xml:26:13-28:40
53                android:name="io.flutter.app.android.SplashScreenUntilFirstFrame"
53-->src\main\AndroidManifest.xml:27:17-82
54                android:value="true" />
54-->src\main\AndroidManifest.xml:28:17-37
55
56            <intent-filter>
56-->src\main\AndroidManifest.xml:29:13-32:29
57                <action android:name="android.intent.action.MAIN" />
57-->src\main\AndroidManifest.xml:30:17-68
57-->src\main\AndroidManifest.xml:30:25-66
58
59                <category android:name="android.intent.category.LAUNCHER" />
59-->src\main\AndroidManifest.xml:31:17-76
59-->src\main\AndroidManifest.xml:31:27-74
60            </intent-filter>
61        </activity>
62
63        <service
63-->[:firebase_auth] AndroidManifest.xml:8:9-12:19
64            android:name="com.google.firebase.components.ComponentDiscoveryService"
64-->[:firebase_auth] AndroidManifest.xml:8:18-89
65            android:directBootAware="true"
65-->[com.google.firebase:firebase-common:19.3.0] AndroidManifest.xml:34:13-43
66            android:exported="false" >
66-->[com.google.firebase:firebase-auth:19.2.0] AndroidManifest.xml:35:13-37
67            <meta-data
67-->[:firebase_auth] AndroidManifest.xml:9:13-11:85
68                android:name="com.google.firebase.components:io.flutter.plugins.firebaseauth.FlutterFirebaseAppRegistrar"
68-->[:firebase_auth] AndroidManifest.xml:10:17-122
69                android:value="com.google.firebase.components.ComponentRegistrar" />
69-->[:firebase_auth] AndroidManifest.xml:11:17-82
70            <meta-data
70-->[:cloud_firestore] AndroidManifest.xml:9:13-11:85
71                android:name="com.google.firebase.components:io.flutter.plugins.firebase.cloudfirestore.FlutterFirebaseAppRegistrar"
71-->[:cloud_firestore] AndroidManifest.xml:10:17-133
72                android:value="com.google.firebase.components.ComponentRegistrar" />
72-->[:cloud_firestore] AndroidManifest.xml:11:17-82
73            <meta-data
73-->[:firebase_core] AndroidManifest.xml:9:13-11:85
74                android:name="com.google.firebase.components:io.flutter.plugins.firebase.core.FlutterFirebaseAppRegistrar"
74-->[:firebase_core] AndroidManifest.xml:10:17-123
75                android:value="com.google.firebase.components.ComponentRegistrar" />
75-->[:firebase_core] AndroidManifest.xml:11:17-82
76            <meta-data
76-->[com.google.firebase:firebase-auth:19.2.0] AndroidManifest.xml:36:13-38:85
77                android:name="com.google.firebase.components:com.google.firebase.auth.FirebaseAuthRegistrar"
77-->[com.google.firebase:firebase-auth:19.2.0] AndroidManifest.xml:37:17-109
78                android:value="com.google.firebase.components.ComponentRegistrar" />
78-->[com.google.firebase:firebase-auth:19.2.0] AndroidManifest.xml:38:17-82
79            <meta-data
79-->[com.google.firebase:firebase-firestore:21.3.0] AndroidManifest.xml:20:13-22:85
80                android:name="com.google.firebase.components:com.google.firebase.firestore.FirestoreRegistrar"
80-->[com.google.firebase:firebase-firestore:21.3.0] AndroidManifest.xml:21:17-111
81                android:value="com.google.firebase.components.ComponentRegistrar" />
81-->[com.google.firebase:firebase-firestore:21.3.0] AndroidManifest.xml:22:17-82
82        </service>
83
84        <activity
84-->[:url_launcher] AndroidManifest.xml:8:9-11:74
85            android:name="io.flutter.plugins.urllauncher.WebViewActivity"
85-->[:url_launcher] AndroidManifest.xml:9:13-74
86            android:exported="false"
86-->[:url_launcher] AndroidManifest.xml:10:13-37
87            android:theme="@android:style/Theme.NoTitleBar.Fullscreen" /> <!-- Needs to be explicitly declared on P+ -->
87-->[:url_launcher] AndroidManifest.xml:11:13-71
88        <uses-library
88-->[com.google.android.gms:play-services-maps:17.0.0] AndroidManifest.xml:33:9-35:40
89            android:name="org.apache.http.legacy"
89-->[com.google.android.gms:play-services-maps:17.0.0] AndroidManifest.xml:34:13-50
90            android:required="false" />
90-->[com.google.android.gms:play-services-maps:17.0.0] AndroidManifest.xml:35:13-37
91
92        <activity
92-->[com.google.firebase:firebase-auth:19.2.0] AndroidManifest.xml:24:9-31:50
93            android:name="com.google.firebase.auth.internal.FederatedSignInActivity"
93-->[com.google.firebase:firebase-auth:19.2.0] AndroidManifest.xml:25:13-85
94            android:excludeFromRecents="true"
94-->[com.google.firebase:firebase-auth:19.2.0] AndroidManifest.xml:26:13-46
95            android:exported="true"
95-->[com.google.firebase:firebase-auth:19.2.0] AndroidManifest.xml:27:13-36
96            android:launchMode="singleTask"
96-->[com.google.firebase:firebase-auth:19.2.0] AndroidManifest.xml:28:13-44
97            android:permission="com.google.firebase.auth.api.gms.permission.LAUNCH_FEDERATED_SIGN_IN"
97-->[com.google.firebase:firebase-auth:19.2.0] AndroidManifest.xml:29:13-102
98            android:theme="@android:style/Theme.Translucent.NoTitleBar" />
98-->[com.google.firebase:firebase-auth:19.2.0] AndroidManifest.xml:30:13-72
99
100        <provider
100-->[com.google.firebase:firebase-common:19.3.0] AndroidManifest.xml:26:9-30:39
101            android:name="com.google.firebase.provider.FirebaseInitProvider"
101-->[com.google.firebase:firebase-common:19.3.0] AndroidManifest.xml:27:13-77
102            android:authorities="com.example.login_signup.firebaseinitprovider"
102-->[com.google.firebase:firebase-common:19.3.0] AndroidManifest.xml:28:13-72
103            android:exported="false"
103-->[com.google.firebase:firebase-common:19.3.0] AndroidManifest.xml:29:13-37
104            android:initOrder="100" />
104-->[com.google.firebase:firebase-common:19.3.0] AndroidManifest.xml:30:13-36
105
106        <activity
106-->[com.google.android.gms:play-services-base:17.1.0] AndroidManifest.xml:23:9-26:75
107            android:name="com.google.android.gms.common.api.GoogleApiActivity"
107-->[com.google.android.gms:play-services-base:17.1.0] AndroidManifest.xml:24:13-79
108            android:exported="false"
108-->[com.google.android.gms:play-services-base:17.1.0] AndroidManifest.xml:25:13-37
109            android:theme="@android:style/Theme.Translucent.NoTitleBar" />
109-->[com.google.android.gms:play-services-base:17.1.0] AndroidManifest.xml:26:13-72
110
111        <meta-data
111-->[com.google.android.gms:play-services-basement:17.0.0] AndroidManifest.xml:23:9-25:69
112            android:name="com.google.android.gms.version"
112-->[com.google.android.gms:play-services-basement:17.0.0] AndroidManifest.xml:24:13-58
113            android:value="@integer/google_play_services_version" />
113-->[com.google.android.gms:play-services-basement:17.0.0] AndroidManifest.xml:25:13-66
114    </application>
115
116</manifest>